\BOOKMARK [1][-]{section.1}{Introduction}{}% 1
\BOOKMARK [2][-]{subsection.1.1}{A Brief Review of Special Relativity}{section.1}% 2
\BOOKMARK [2][-]{subsection.1.2}{Equivalence Principle}{section.1}% 3
\BOOKMARK [1][-]{section.2}{Pseudo-Riemannian Geometry}{}% 4
\BOOKMARK [2][-]{subsection.2.1}{Manifolds}{section.2}% 5
\BOOKMARK [2][-]{subsection.2.2}{Principle of General Covariance}{section.2}% 6
\BOOKMARK [2][-]{subsection.2.3}{Tensors}{section.2}% 7
\BOOKMARK [2][-]{subsection.2.4}{Geometry of Spacetime}{section.2}% 8
\BOOKMARK [2][-]{subsection.2.5}{Calculus of Tensors}{section.2}% 9
\BOOKMARK [2][-]{subsection.2.6}{Curvature}{section.2}% 10
\BOOKMARK [1][-]{section.3}{General Theory of Relativity}{}% 11
\BOOKMARK [2][-]{subsection.3.1}{Gravitation}{section.3}% 12
\BOOKMARK [2][-]{subsection.3.2}{The Stress-Energy Tensor}{section.3}% 13
\BOOKMARK [2][-]{subsection.3.3}{Lagrangians in General Relativity}{section.3}% 14
\BOOKMARK [2][-]{subsection.3.4}{Evidence of General Relativity}{section.3}% 15
\BOOKMARK [3][-]{subsubsection.3.4.1}{Orbital Precision}{subsection.3.4}% 16
\BOOKMARK [3][-]{subsubsection.3.4.2}{Gravitational Lensing}{subsection.3.4}% 17
\BOOKMARK [3][-]{subsubsection.3.4.3}{Redshift}{subsection.3.4}% 18
\BOOKMARK [1][-]{section.4}{Cosmology}{}% 19
\BOOKMARK [2][-]{subsection.4.1}{The Schwarzschild Metric}{section.4}% 20
\BOOKMARK [2][-]{subsection.4.2}{Black Holes \046 Singularities}{section.4}% 21
\BOOKMARK [2][-]{subsection.4.3}{Wormholes}{section.4}% 22
\BOOKMARK [2][-]{subsection.4.4}{Universal Expansion}{section.4}% 23
\BOOKMARK [2][-]{subsection.4.5}{Gravitational Waves}{section.4}% 24
